
CRITICAL - 2022-02-03 14:55:49 --> Call to undefined method CodeIgniter\View\View::showMessages()
#0 C:\xampp\htdocs\Codeigniter\SISIL\vendor\codeigniter4\framework\system\View\View.php(210): include()
#1 C:\xampp\htdocs\Codeigniter\SISIL\vendor\codeigniter4\framework\system\View\View.php(213): CodeIgniter\View\View->CodeIgniter\View\{closure}()
#2 C:\xampp\htdocs\Codeigniter\SISIL\vendor\codeigniter4\framework\system\Common.php(1089): CodeIgniter\View\View->render('catalogos/depen...', Array, true)
#3 C:\xampp\htdocs\Codeigniter\SISIL\app\Controllers\DependenciaController.php(9): view('catalogos/depen...')
#4 C:\xampp\htdocs\Codeigniter\SISIL\vendor\codeigniter4\framework\system\CodeIgniter.php(825): App\Controllers\DependenciaController->index()
#5 C:\xampp\htdocs\Codeigniter\SISIL\vendor\codeigniter4\framework\system\CodeIgniter.php(412): CodeIgniter\CodeIgniter->runController(Object(App\Controllers\DependenciaController))
#6 C:\xampp\htdocs\Codeigniter\SISIL\vendor\codeigniter4\framework\system\CodeIgniter.php(320): CodeIgniter\CodeIgniter->handleRequest(NULL, Object(Config\Cache), false)
#7 C:\xampp\htdocs\Codeigniter\SISIL\index.php(37): CodeIgniter\CodeIgniter->run()
#8 {main}
ERROR - 2022-02-03 16:03:09 --> Error connecting to the database: pg_connect(): Unable to connect to PostgreSQL server: could not connect to server: Connection timed out (0x0000274C/10060)
	Is the server running on host &quot;10.8.100.174&quot; and accepting
	TCP/IP connections on port 5432?
CRITICAL - 2022-02-03 16:03:09 --> Unable to connect to the database.
Main connection [Postgre]: pg_connect(): Unable to connect to PostgreSQL server: could not connect to server: Connection timed out (0x0000274C/10060)
	Is the server running on host &quot;10.8.100.174&quot; and accepting
	TCP/IP connections on port 5432?
#0 C:\xampp\htdocs\Codeigniter\SISIL\vendor\codeigniter4\framework\system\Database\BaseConnection.php(577): CodeIgniter\Database\BaseConnection->initialize()
#1 C:\xampp\htdocs\Codeigniter\SISIL\vendor\codeigniter4\framework\system\Database\BaseBuilder.php(1455): CodeIgniter\Database\BaseConnection->query('SELECT *\nFROM "...', Array, false)
#2 C:\xampp\htdocs\Codeigniter\SISIL\vendor\codeigniter4\framework\system\Model.php(183): CodeIgniter\Database\BaseBuilder->get()
#3 C:\xampp\htdocs\Codeigniter\SISIL\vendor\codeigniter4\framework\system\BaseModel.php(584): CodeIgniter\Model->doFindAll(0, 0)
#4 C:\xampp\htdocs\Codeigniter\SISIL\app\Controllers\DependenciaController.php(19): CodeIgniter\BaseModel->findAll()
#5 C:\xampp\htdocs\Codeigniter\SISIL\vendor\codeigniter4\framework\system\CodeIgniter.php(825): App\Controllers\DependenciaController->index()
#6 C:\xampp\htdocs\Codeigniter\SISIL\vendor\codeigniter4\framework\system\CodeIgniter.php(412): CodeIgniter\CodeIgniter->runController(Object(App\Controllers\DependenciaController))
#7 C:\xampp\htdocs\Codeigniter\SISIL\vendor\codeigniter4\framework\system\CodeIgniter.php(320): CodeIgniter\CodeIgniter->handleRequest(NULL, Object(Config\Cache), false)
#8 C:\xampp\htdocs\Codeigniter\SISIL\index.php(37): CodeIgniter\CodeIgniter->run()
#9 {main}
CRITICAL - 2022-02-03 17:09:36 --> Call to undefined method App\Models\DependenciaModel::findAllByOrderByIdAsc
#0 C:\xampp\htdocs\Codeigniter\SISIL\app\Controllers\DependenciaController.php(29): CodeIgniter\Model->__call('findAllByOrderB...', Array)
#1 C:\xampp\htdocs\Codeigniter\SISIL\vendor\codeigniter4\framework\system\CodeIgniter.php(825): App\Controllers\DependenciaController->index()
#2 C:\xampp\htdocs\Codeigniter\SISIL\vendor\codeigniter4\framework\system\CodeIgniter.php(412): CodeIgniter\CodeIgniter->runController(Object(App\Controllers\DependenciaController))
#3 C:\xampp\htdocs\Codeigniter\SISIL\vendor\codeigniter4\framework\system\CodeIgniter.php(320): CodeIgniter\CodeIgniter->handleRequest(NULL, Object(Config\Cache), false)
#4 C:\xampp\htdocs\Codeigniter\SISIL\index.php(37): CodeIgniter\CodeIgniter->run()
#5 {main}
